[2026-07-04T12:45:38] Step4 Kaggle 对齐优化开始
[2026-07-04T12:45:38] 参考 Kaggle LB (step4): public=0.0408, private=0.0291
[2026-07-04T12:45:42] 增强时序特征数: 848 (base 792 + 56)
[2026-07-04T12:45:42] 窗口 3mo: 131469 行
[2026-07-04T12:46:39]   CV 3mo/baseline purged_mean=0.104175 std=0.087782
[2026-07-04T12:47:17]   CV 3mo/strong_reg purged_mean=0.085300 std=0.036894
[2026-07-04T12:48:13]   CV 3mo/medium_reg purged_mean=0.078458 std=0.067740
[2026-07-04T12:48:13] 窗口 6mo: 262938 行
[2026-07-04T12:49:44]   CV 6mo/baseline purged_mean=0.052760 std=0.048096
[2026-07-04T12:51:50]   CV 6mo/strong_reg purged_mean=0.042569 std=0.030906
[2026-07-04T12:53:57]   CV 6mo/medium_reg purged_mean=0.037344 std=0.047783
[2026-07-04T12:53:57] 窗口 9mo: 394407 行
[2026-07-04T13:02:00]   CV 9mo/baseline purged_mean=0.051021 std=0.056363
[2026-07-04T13:09:48]   CV 9mo/strong_reg purged_mean=0.063293 std=0.048072
[2026-07-04T13:13:31]   CV 9mo/medium_reg purged_mean=0.050930 std=0.061716
[2026-07-04T13:13:31] 窗口 full: 525886 行
[2026-07-04T13:19:46]   CV full/baseline purged_mean=0.084088 std=0.017276
[2026-07-04T13:26:00]   CV full/strong_reg purged_mean=0.102420 std=0.022031
[2026-07-04T13:31:49]   CV full/medium_reg purged_mean=0.092010 std=0.019539
[2026-07-04T13:31:49] Purged CV 最优: window=3mo, preset=baseline, mean=0.104175
[2026-07-04T13:32:23] 近期窗口最终模型 forward-valid pearson=0.271324 (仅监控, 非选参依据)
[2026-07-04T13:32:24] 全量 train 后20% holdout pearson=0.719686 (对比用)
[2026-07-04T13:32:36] 提交文件: D:\数学建模期末大作业\tongji_DRW_Crypto_Market_Prediction\outputs\submissions\submission_step4_kaggle_opt.csv
[2026-07-04T13:32:36] 推荐上传: D:\数学建模期末大作业\tongji_DRW_Crypto_Market_Prediction\outputs\submissions\submission_step4_kaggle_best.csv
[2026-07-04T13:32:36] Step4 Kaggle 对齐优化完成
[2026-07-04T13:33:59] Step4 Kaggle 对齐优化开始
[2026-07-04T13:33:59] 参考 Kaggle LB (step4): public=0.0408, private=0.0291
[2026-07-04T13:34:05] 增强时序特征数: 848 (base 792 + 56)
[2026-07-04T13:34:05] 跳过 CV，加载已有 window_param_purged_cv.csv
[2026-07-04T13:34:05] Purged CV 最优: window=3mo, preset=baseline, mean=0.104175
[2026-07-04T13:34:40] 训练窗之前参考段 pearson=0.020746 (不重叠, 可比)
[2026-07-04T13:34:40] 近期窗口 forward-valid pearson=0.271324 (窗内末15%, 仅监控)
[2026-07-04T13:34:49] 提交文件: D:\数学建模期末大作业\tongji_DRW_Crypto_Market_Prediction\outputs\submissions\submission_step4_kaggle_opt.csv
[2026-07-04T13:34:49] 推荐上传: D:\数学建模期末大作业\tongji_DRW_Crypto_Market_Prediction\outputs\submissions\submission_step4_kaggle_best.csv
[2026-07-04T13:34:49] Step4 Kaggle 对齐优化完成
